<?xml version="1.0" encoding="UTF-8"?>
<testng-results ignored="0" total="1" passed="1" failed="0" skipped="0">
  <reporter-output>
  </reporter-output>
  <suite started-at="2023-12-25T10:42:48 IST" name="Default suite" finished-at="2023-12-25T10:43:10 IST" duration-ms="21644">
    <groups>
    </groups>
    <test started-at="2023-12-25T10:42:48 IST" name="Default test" finished-at="2023-12-25T10:43:10 IST" duration-ms="21644">
      <class name="com.iso.tests.LoginTest">
        <test-method signature="loginTest()[pri:0, instance:com.iso.tests.LoginTest@ea6147e]" started-at="2023-12-25T10:42:48 IST" name="loginTest" finished-at="2023-12-25T10:43:10 IST" duration-ms="21607" status="PASS">
          <reporter-output>
          </reporter-output>
        </test-method> <!-- loginTest -->
      </class> <!-- com.iso.tests.LoginTest -->
    </test> <!-- Default test -->
  </suite> <!-- Default suite -->
</testng-results>
